/cad/synopsys/syn/L-2016.03-SP5-5/auxx/gui/dv/dv_setup.tcl
/cad/synopsys/syn/L-2016.03-SP5-5/auxx/gui/syn/snpsSynProcs.tcl
/cad/synopsys/syn/L-2016.03-SP5-5/auxx/gui/syn/layout/pkgIndex.tcl
/cad/synopsys/syn/L-2016.03-SP5-5/auxx/gui/common/tcl-dp/pkgIndex.tcl
/cad/synopsys/syn/L-2016.03-SP5-5/auxx/gui/common/docBrowser/pkgIndex.tcl
/cad/synopsys/syn/L-2016.03-SP5-5/auxx/gui/common/libviewer/pkgIndex.tcl
/cad/synopsys/syn/L-2016.03-SP5-5/auxx/gui/common/opdlg/pkgIndex.tcl
/cad/synopsys/syn/L-2016.03-SP5-5/auxx/gui/common/profiler/pkgIndex.tcl
/cad/synopsys/syn/L-2016.03-SP5-5/auxx/gui/common/tq/pkgIndex.tcl
/cad/synopsys/syn/L-2016.03-SP5-5/auxx/gui/common/table/pkgIndex.tcl
/cad/synopsys/syn/L-2016.03-SP5-5/auxx/gui/common/view/pkgIndex.tcl
/cad/synopsys/syn/L-2016.03-SP5-5/auxx/gui/common/tiledview/pkgIndex.tcl
/cad/synopsys/syn/L-2016.03-SP5-5/auxx/gui/common/select/pkgIndex.tcl
/cad/synopsys/syn/L-2016.03-SP5-5/auxx/gui/common/commandform/pkgIndex.tcl
/cad/synopsys/syn/L-2016.03-SP5-5/auxx/gui/common/strokes/pkgIndex.tcl
/cad/synopsys/syn/L-2016.03-SP5-5/auxx/gui/common/setup/pkgIndex.tcl
/cad/synopsys/syn/L-2016.03-SP5-5/auxx/gui/common/timing/pkgIndex.tcl
/cad/synopsys/syn/L-2016.03-SP5-5/auxx/gui/common/schematic/pkgIndex.tcl
/cad/synopsys/syn/L-2016.03-SP5-5/auxx/gui/common/highlight/pkgIndex.tcl
/cad/synopsys/syn/L-2016.03-SP5-5/auxx/gui/common/misc/pkgIndex.tcl
/cad/synopsys/syn/L-2016.03-SP5-5/auxx/gui/common/fanoutviewer/pkgIndex.tcl
/cad/synopsys/syn/L-2016.03-SP5-5/auxx/gui/common/palettegroup/pkgIndex.tcl
/cad/synopsys/syn/L-2016.03-SP5-5/auxx/gui/common/menus/pkgIndex.tcl
/cad/synopsys/syn/L-2016.03-SP5-5/auxx/gui/common/layout/pkgIndex.tcl
/cad/synopsys/syn/L-2016.03-SP5-5/auxx/gui/common/mrupalette/pkgIndex.tcl
/cad/synopsys/syn/L-2016.03-SP5-5/auxx/gui/common/dialogs/pkgIndex.tcl
/cad/synopsys/syn/L-2016.03-SP5-5/auxx/gui/common/pathinspector/pkgIndex.tcl
/cad/synopsys/syn/L-2016.03-SP5-5/auxx/gui/common/acg/pkgIndex.tcl
/cad/synopsys/syn/L-2016.03-SP5-5/auxx/gui/common/WindowFrameWork/pkgIndex.tcl
/cad/synopsys/syn/L-2016.03-SP5-5/auxx/gui/common/hierarchy/pkgIndex.tcl
/cad/synopsys/syn/L-2016.03-SP5-5/auxx/gui/common/histogram/pkgIndex.tcl
/cad/synopsys/syn/L-2016.03-SP5-5/auxx/gui/common/qtcl/pkgIndex.tcl
/cad/synopsys/syn/L-2016.03-SP5-5/auxx/gui/common/regressionToolkit/pkgIndex.tcl
/cad/synopsys/syn/L-2016.03-SP5-5/auxx/gui/dv/pkgIndex.tcl
/cad/synopsys/syn/L-2016.03-SP5-5/auxx/syn/lib/pkgIndex.tcl
/cad/synopsys/syn/L-2016.03-SP5-5/auxx/tcllib/lib/iwidgets4.1/pkgIndex.tcl
/cad/synopsys/syn/L-2016.03-SP5-5/auxx/tcllib/snps_tcl/snpsTclPro/pkgIndex.tcl
/cad/synopsys/syn/L-2016.03-SP5-5/auxx/tcllib/snps_tcl/snpsUtils/pkgIndex.tcl
/cad/synopsys/syn/L-2016.03-SP5-5/auxx/tcllib/snps_tcl/snpsTest/pkgIndex.tcl
/cad/synopsys/syn/L-2016.03-SP5-5/auxx/tcllib/snps_tcl/pkgIndex.tcl
/cad/synopsys/syn/L-2016.03-SP5-5/auxx/tcllib/lib/tcl8.6/http1.0/pkgIndex.tcl
/cad/synopsys/syn/L-2016.03-SP5-5/auxx/tcllib/lib/tcl8.6/tcltest/pkgIndex.tcl
/cad/synopsys/syn/L-2016.03-SP5-5/auxx/tcllib/lib/tcl8.6/dde/pkgIndex.tcl
/cad/synopsys/syn/L-2016.03-SP5-5/auxx/tcllib/lib/tcl8.6/opt/pkgIndex.tcl
/cad/synopsys/syn/L-2016.03-SP5-5/auxx/tcllib/lib/tcl8.6/http/pkgIndex.tcl
/cad/synopsys/syn/L-2016.03-SP5-5/auxx/tcllib/lib/tcl8.6/platform/pkgIndex.tcl
/cad/synopsys/syn/L-2016.03-SP5-5/auxx/tcllib/lib/tcl8.6/msgcat/pkgIndex.tcl
/cad/synopsys/syn/L-2016.03-SP5-5/auxx/tcllib/lib/tcl8.6/reg/pkgIndex.tcl
/cad/synopsys/syn/L-2016.03-SP5-5/auxx/gui/common/setup/snpsCommonSetup.tcl
/cad/synopsys/syn/L-2016.03-SP5-5/auxx/gui/common/setup/snpsCustomize.tcl
/cad/synopsys/syn/L-2016.03-SP5-5/auxx/gui/common/setup/snpsProcheck.tcl
/cad/synopsys/syn/L-2016.03-SP5-5/auxx/gui/common/qtcl/.synopsys_qtcl.tcl
/cad/synopsys/syn/L-2016.03-SP5-5/auxx/gui/common/highlight/highlight.tcl
/cad/synopsys/syn/L-2016.03-SP5-5/auxx/gui/common/misc/base.tcl
/cad/synopsys/syn/L-2016.03-SP5-5/auxx/gui/common/misc/timing.tcl
/cad/synopsys/syn/L-2016.03-SP5-5/auxx/gui/common/misc/setting.tcl
/cad/synopsys/syn/L-2016.03-SP5-5/auxx/gui/common/misc/preset.tcl
/cad/synopsys/syn/L-2016.03-SP5-5/auxx/gui/common/WindowFrameWork/windowFrameWork.tcl
/cad/synopsys/syn/L-2016.03-SP5-5/auxx/gui/common/WindowFrameWork/skipBusyCursorCmdList.tcl
/cad/synopsys/syn/L-2016.03-SP5-5/auxx/gui/common/docBrowser/docBrowser.tcl
/cad/synopsys/syn/L-2016.03-SP5-5/auxx/tcllib/snps_tcl/snpsUtils/snpsUtils.tcl
/cad/synopsys/syn/L-2016.03-SP5-5/auxx/gui/common/dialogs/ObjectChooser.tcl
/cad/synopsys/syn/L-2016.03-SP5-5/auxx/gui/common/misc/DialogObjectChooser.tcl
/cad/synopsys/syn/L-2016.03-SP5-5/auxx/gui/common/dialogs/HistBinInformation.tcl
/cad/synopsys/syn/L-2016.03-SP5-5/auxx/gui/common/dialogs/HistBin1Information.tcl
/cad/synopsys/syn/L-2016.03-SP5-5/auxx/gui/common/dialogs/BinsOnlyInformation.tcl
/cad/synopsys/syn/L-2016.03-SP5-5/auxx/gui/common/dialogs/FileChooser.tcl
/cad/synopsys/syn/L-2016.03-SP5-5/auxx/gui/common/dialogs/PathPinSimpleInfo.tcl
/cad/synopsys/syn/L-2016.03-SP5-5/auxx/gui/common/dialogs/PathsBasicInfo.tcl
/cad/synopsys/syn/L-2016.03-SP5-5/auxx/gui/common/dialogs/PathsBasicSimpleInfo.tcl
/cad/synopsys/syn/L-2016.03-SP5-5/auxx/gui/common/dialogs/SlctOperationInfo.tcl
/cad/synopsys/syn/L-2016.03-SP5-5/auxx/gui/common/dialogs/ObjectListInfo.tcl
/cad/synopsys/syn/L-2016.03-SP5-5/auxx/gui/common/dialogs/FanInOutInfo.tcl
/cad/synopsys/syn/L-2016.03-SP5-5/auxx/gui/common/dialogs/NumberOfLevelsChooser.tcl
/cad/synopsys/syn/L-2016.03-SP5-5/auxx/gui/common/dialogs/WindowReuseInfo.tcl
/cad/synopsys/syn/L-2016.03-SP5-5/auxx/gui/common/dialogs/ReportOutputOptionInfo.tcl
/cad/synopsys/syn/L-2016.03-SP5-5/auxx/gui/common/setup/snpsCollections.tcl
/cad/synopsys/syn/L-2016.03-SP5-5/auxx/gui/common/dialogs/CompileLinkDesign.tcl
/cad/synopsys/syn/L-2016.03-SP5-5/auxx/gui/common/histogram/DialogEndpointSlack.tcl
/cad/synopsys/syn/L-2016.03-SP5-5/auxx/gui/common/histogram/DialogPathsSlack.tcl
/cad/synopsys/syn/L-2016.03-SP5-5/auxx/gui/common/histogram/DialogNetCapacitance.tcl
/cad/synopsys/syn/L-2016.03-SP5-5/auxx/gui/common/schematic/DialogPathSchematicFanInOut.tcl
/cad/synopsys/syn/L-2016.03-SP5-5/auxx/gui/common/schematic/DialogPathSchematicAddPaths.tcl
/afs/.ir.stanford.edu/users/k/p/kprabhu7/Documents/cs230/rtl-synthesis-predictor/syn/00_run.tcl
/afs/.ir.stanford.edu/users/k/p/kprabhu7/Documents/cs230/rtl-synthesis-predictor/syn/dc_setup.tcl
/afs/.ir.stanford.edu/users/k/p/kprabhu7/Documents/cs230/rtl-synthesis-predictor/syn/synth.tcl
/afs/.ir.stanford.edu/users/k/p/kprabhu7/Documents/cs230/rtl-synthesis-predictor/generic/DW01_sub_width8.v
/afs/.ir.stanford.edu/users/k/p/kprabhu7/Documents/cs230/rtl-synthesis-predictor/lib/NangateOpenCellLibrary.db
/cad/synopsys/syn/L-2016.03-SP5-5/libraries/syn/dw_foundation.sldb
/cad/synopsys/syn/L-2016.03-SP5-5/libraries/syn/gtech.db
/cad/synopsys/syn/L-2016.03-SP5-5/libraries/syn/standard.sldb
/afs/.ir.stanford.edu/users/k/p/kprabhu7/Documents/cs230/rtl-synthesis-predictor/syn/constraints.tcl
/afs/.ir.stanford.edu/users/k/p/kprabhu7/Documents/cs230/rtl-synthesis-predictor/lib/NangateOpenCellLibrary.db
/afs/.ir.stanford.edu/users/k/p/kprabhu7/Documents/cs230/rtl-synthesis-predictor/syn/DW01_sub_width8/alib-52/NangateOpenCellLibrary.db.alib
/afs/.ir.stanford.edu/users/k/p/kprabhu7/Documents/cs230/rtl-synthesis-predictor/syn/DW01_sub_width8/alib-52/alib_analyze_libs.tcl.e
/afs/.ir.stanford.edu/users/k/p/kprabhu7/Documents/cs230/rtl-synthesis-predictor/lib/NangateOpenCellLibrary.db
/afs/.ir.stanford.edu/users/k/p/kprabhu7/Documents/cs230/rtl-synthesis-predictor/syn/DW01_sub_width8/alib-52/NangateOpenCellLibrary.db.alib
/afs/.ir/users/k/p/kprabhu7/synopsys_cache_L-2016.03-SP5-5/DW01/DW01_NAND2/str/NangateOpenCellLibrary_8421/element.ddc
/afs/.ir.stanford.edu/users/k/p/kprabhu7/Documents/cs230/rtl-synthesis-predictor/lib/NangateOpenCellLibrary.db
